Building DAG of jobs...
Using shell: /usr/bin/bash
Provided cores: 1 (use --cores to define parallelism)
Rules claiming more threads will be scaled down.
Job stats:
job                   count    min threads    max threads
------------------  -------  -------------  -------------
GG_W                      1              1              1
Total_Grid_Irr_GWW        1              1              1
total                     2              1              1

Select jobs to execute...

[Thu May 16 10:15:38 2024]
Job 1: now generating /home/sara.nazari/labspaces/global-coastal-groundwater/data/work/Water_Use/Publish_Test/Irrigation/Netcdf/Annual_Total_Irr_GWW_2001_2020.nc file from Total_Grid_Irr_GWW
Reason: Missing output files: /home/sara.nazari/labspaces/global-coastal-groundwater/data/work/Water_Use/Publish_Test/Irrigation/Netcdf/Annual_Total_Irr_GWW_2001_2020.nc

[Thu May 16 10:15:55 2024]
Finished job 1.
1 of 2 steps (50%) done
Select jobs to execute...

[Thu May 16 10:15:55 2024]
localrule GG_W:
    input: /home/sara.nazari/labspaces/global-coastal-groundwater/data/work/Water_Use/Publish_Test/Irrigation/Netcdf/Annual_Total_Irr_GWW_2001_2020.nc
    jobid: 0
    reason: Input files updated by another job: /home/sara.nazari/labspaces/global-coastal-groundwater/data/work/Water_Use/Publish_Test/Irrigation/Netcdf/Annual_Total_Irr_GWW_2001_2020.nc
    resources: tmpdir=/tmp

[Thu May 16 10:15:55 2024]
Finished job 0.
2 of 2 steps (100%) done
Complete log: .snakemake/log/2024-05-16T101537.510923.snakemake.log
