Building DAG of jobs...
Using shell: /usr/bin/bash
Provided cores: 1 (use --cores to define parallelism)
Rules claiming more threads will be scaled down.
Job stats:
job                  count    min threads    max threads
-----------------  -------  -------------  -------------
Countries_Ind_GWW        1              1              1
all                      1              1              1
total                    2              1              1

Select jobs to execute...

[Sun May 12 21:09:35 2024]
Job 1: now generating /home/sara.nazari/labspaces/global-coastal-groundwater/data/work/Water_Use/Publish_Test/Industiral/shp/Countries_Ind_GW_Abstraction_2001_2020.shp file from rule Countries_Ind_GWW
Reason: Missing output files: /home/sara.nazari/labspaces/global-coastal-groundwater/data/work/Water_Use/Publish_Test/Industiral/shp/Countries_Ind_GW_Abstraction_2001_2020.shp

[Sun May 12 21:09:38 2024]
Finished job 1.
1 of 2 steps (50%) done
Select jobs to execute...

[Sun May 12 21:09:38 2024]
localrule all:
    input: /home/sara.nazari/labspaces/global-coastal-groundwater/data/work/Water_Use/Publish_Test/Industiral/shp/Countries_Ind_GW_Abstraction_2001_2020.shp
    jobid: 0
    reason: Input files updated by another job: /home/sara.nazari/labspaces/global-coastal-groundwater/data/work/Water_Use/Publish_Test/Industiral/shp/Countries_Ind_GW_Abstraction_2001_2020.shp
    resources: tmpdir=/tmp

[Sun May 12 21:09:38 2024]
Finished job 0.
2 of 2 steps (100%) done
Complete log: .snakemake/log/2024-05-12T210934.420618.snakemake.log
