Building DAG of jobs...
Using shell: /usr/bin/bash
Provided cores: 1 (use --cores to define parallelism)
Rules claiming more threads will be scaled down.
Job stats:
job                       count    min threads    max threads
----------------------  -------  -------------  -------------
Countries_Grid_Ind_GWW        1              1              1
all                           1              1              1
total                         2              1              1

Select jobs to execute...

[Tue May 14 13:06:33 2024]
Job 1: now generating /home/sara.nazari/labspaces/global-coastal-groundwater/data/work/Water_Use/Publish_Test/Industrial/shp/Countries_Ind_GWW_2001_2020_Per_Grid.shp file from rule Countries_Grid_Ind_GWW
Reason: Missing output files: /home/sara.nazari/labspaces/global-coastal-groundwater/data/work/Water_Use/Publish_Test/Industrial/shp/Countries_Ind_GWW_2001_2020_Per_Grid.shp

[Tue May 14 13:06:36 2024]
Finished job 1.
1 of 2 steps (50%) done
Select jobs to execute...

[Tue May 14 13:06:36 2024]
localrule all:
    input: /home/sara.nazari/labspaces/global-coastal-groundwater/data/work/Water_Use/Publish_Test/Industrial/shp/Countries_Ind_GWW_2001_2020_Per_Grid.shp
    jobid: 0
    reason: Input files updated by another job: /home/sara.nazari/labspaces/global-coastal-groundwater/data/work/Water_Use/Publish_Test/Industrial/shp/Countries_Ind_GWW_2001_2020_Per_Grid.shp
    resources: tmpdir=/tmp

[Tue May 14 13:06:36 2024]
Finished job 0.
2 of 2 steps (100%) done
Complete log: .snakemake/log/2024-05-14T130632.625664.snakemake.log
