Building DAG of jobs...
Using shell: /usr/bin/bash
Provided cores: 1 (use --cores to define parallelism)
Rules claiming more threads will be scaled down.
Job stats:
job                                    count    min threads    max threads
-----------------------------------  -------  -------------  -------------
Count_Urban_Mining_Grids                   1              1              1
Countries_Grid_Ind_GWW                     1              1              1
Fill_no_data_Countries_Grid_Ind_GWW        1              1              1
all                                        1              1              1
total                                      4              1              1

Select jobs to execute...

[Wed May 15 11:36:14 2024]
Job 3: now generating /home/sara.nazari/labspaces/global-coastal-groundwater/data/work/Water_Use/Publish_Test/Industrial/shp/Countries_Ind_GWW_2001_2020_noData_IndFrac_Urb_Min_GWdepth_Count.shp file from rule Count_Urban_Mining_Grids
Reason: Code has changed since last execution

[Wed May 15 11:36:20 2024]
Finished job 3.
1 of 4 steps (25%) done
Select jobs to execute...

[Wed May 15 11:36:20 2024]
Job 2: now generating /home/sara.nazari/labspaces/global-coastal-groundwater/data/work/Water_Use/Publish_Test/Industrial/shp/Countries_Ind_GWW_2001_2020_Per_Grid.shp file from rule Countries_Grid_Ind_GWW
Reason: Input files updated by another job: /home/sara.nazari/labspaces/global-coastal-groundwater/data/work/Water_Use/Publish_Test/Industrial/shp/Countries_Ind_GWW_2001_2020_noData_IndFrac_Urb_Min_GWdepth_Count.shp

[Wed May 15 11:36:23 2024]
Finished job 2.
2 of 4 steps (50%) done
Select jobs to execute...

[Wed May 15 11:36:23 2024]
Job 1: now generating /home/sara.nazari/labspaces/global-coastal-groundwater/data/work/Water_Use/Publish_Test/Industrial/shp/Countries_Ind_GWW_2001_2020_Per_Grid_Assigned_noData.shp file from rule Fill_no_data_Countries_Grid_Ind_GWW
Reason: Input files updated by another job: /home/sara.nazari/labspaces/global-coastal-groundwater/data/work/Water_Use/Publish_Test/Industrial/shp/Countries_Ind_GWW_2001_2020_Per_Grid.shp

[Wed May 15 11:36:25 2024]
Finished job 1.
3 of 4 steps (75%) done
Select jobs to execute...

[Wed May 15 11:36:25 2024]
localrule all:
    input: /home/sara.nazari/labspaces/global-coastal-groundwater/data/work/Water_Use/Publish_Test/Industrial/shp/Countries_Ind_GWW_2001_2020_Per_Grid_Assigned_noData.shp
    jobid: 0
    reason: Input files updated by another job: /home/sara.nazari/labspaces/global-coastal-groundwater/data/work/Water_Use/Publish_Test/Industrial/shp/Countries_Ind_GWW_2001_2020_Per_Grid_Assigned_noData.shp
    resources: tmpdir=/tmp

[Wed May 15 11:36:25 2024]
Finished job 0.
4 of 4 steps (100%) done
Complete log: .snakemake/log/2024-05-15T113613.053913.snakemake.log
