Building DAG of jobs...
Using shell: /usr/bin/bash
Provided cores: 1 (use --cores to define parallelism)
Rules claiming more threads will be scaled down.
Job stats:
job                       count    min threads    max threads
----------------------  -------  -------------  -------------
GG_W                          1              1              1
Merge_Irr_GWW_Eu_World        1              1              1
total                         2              1              1

Select jobs to execute...

[Wed May 15 14:55:58 2024]
Job 1: now generating /home/sara.nazari/labspaces/global-coastal-groundwater/data/work/Water_Use/Publish_Test/Irrigation/shp/Countries_Irr_GWW_2001_2020_Eu_World.shp file from rule Merge_Irr_GWW_Eu_World
Reason: Missing output files: /home/sara.nazari/labspaces/global-coastal-groundwater/data/work/Water_Use/Publish_Test/Irrigation/shp/Countries_Irr_GWW_2001_2020_Eu_World.shp

[Wed May 15 14:56:00 2024]
Finished job 1.
1 of 2 steps (50%) done
Select jobs to execute...

[Wed May 15 14:56:00 2024]
localrule GG_W:
    input: /home/sara.nazari/labspaces/global-coastal-groundwater/data/work/Water_Use/Publish_Test/Irrigation/shp/Countries_Irr_GWW_2001_2020_Eu_World.shp
    jobid: 0
    reason: Input files updated by another job: /home/sara.nazari/labspaces/global-coastal-groundwater/data/work/Water_Use/Publish_Test/Irrigation/shp/Countries_Irr_GWW_2001_2020_Eu_World.shp
    resources: tmpdir=/tmp

[Wed May 15 14:56:00 2024]
Finished job 0.
2 of 2 steps (100%) done
Complete log: .snakemake/log/2024-05-15T145556.986351.snakemake.log
