Building DAG of jobs...
Using shell: /usr/bin/bash
Provided cores: 1 (use --cores to define parallelism)
Rules claiming more threads will be scaled down.
Job stats:
job                                          count    min threads    max threads
-----------------------------------------  -------  -------------  -------------
Count_Urban_Mining_Grids                         1              1              1
Urban_Centre_Mining_Location_GWDepth_100m        1              1              1
all                                              1              1              1
total                                            3              1              1

Select jobs to execute...

[Tue May 14 12:50:20 2024]
Job 5: now generating /home/sara.nazari/labspaces/global-coastal-groundwater/data/work/Water_Use/Publish_Test/Urban_Mining/Netcdf/GW_depth_less_100m_Urban_mining_grids.nc file from rule Urban_Centre_Mining_Location_GWDepth_100m
Reason: Missing output files: /home/sara.nazari/labspaces/global-coastal-groundwater/data/work/Water_Use/Publish_Test/Urban_Mining/Netcdf/GW_depth_less_100m_Urban_mining_grids.nc

[Tue May 14 12:50:25 2024]
Finished job 5.
1 of 3 steps (33%) done
Select jobs to execute...

[Tue May 14 12:50:25 2024]
Job 1: now generating /home/sara.nazari/labspaces/global-coastal-groundwater/data/work/Water_Use/Publish_Test/Industrial/shp/Countries_Ind_GWW_2001_2020_noData_IndFrac_Urb_Min_GWdepth_Count.shp file from rule Count_Urban_Mining_Grids
Reason: Missing output files: /home/sara.nazari/labspaces/global-coastal-groundwater/data/work/Water_Use/Publish_Test/Industrial/shp/Countries_Ind_GWW_2001_2020_noData_IndFrac_Urb_Min_GWdepth_Count.shp; Input files updated by another job: /home/sara.nazari/labspaces/global-coastal-groundwater/data/work/Water_Use/Publish_Test/Urban_Mining/Netcdf/GW_depth_less_100m_Urban_mining_grids.nc

[Tue May 14 12:50:34 2024]
Finished job 1.
2 of 3 steps (67%) done
Select jobs to execute...

[Tue May 14 12:50:34 2024]
localrule all:
    input: /home/sara.nazari/labspaces/global-coastal-groundwater/data/work/Water_Use/Publish_Test/Industrial/shp/Countries_Ind_GWW_2001_2020_noData_IndFrac_Urb_Min_GWdepth_Count.shp
    jobid: 0
    reason: Input files updated by another job: /home/sara.nazari/labspaces/global-coastal-groundwater/data/work/Water_Use/Publish_Test/Industrial/shp/Countries_Ind_GWW_2001_2020_noData_IndFrac_Urb_Min_GWdepth_Count.shp
    resources: tmpdir=/tmp

[Tue May 14 12:50:34 2024]
Finished job 0.
3 of 3 steps (100%) done
Complete log: .snakemake/log/2024-05-14T125018.964361.snakemake.log
