Building DAG of jobs...
Using shell: /usr/bin/bash
Provided cores: 1 (use --cores to define parallelism)
Rules claiming more threads will be scaled down.
Job stats:
job                                 count    min threads    max threads
--------------------------------  -------  -------------  -------------
An_Grid_Pop                             1              1              1
An_countries_population                 1              1              1
Countries_Dom_GWW                       1              1              1
Countries_TGWW_data                     1              1              1
Fill_no_data_Person_Dom_GWW             1              1              1
Fill_no_data_frac_dom                   1              1              1
Grid_Person_Dom_GWW                     1              1              1
Merge_Dom_GWW_Eu_World                  1              1              1
Person_Dom_GWW                          1              1              1
Pop_GWDepth_100m                        1              1              1
Pop_and_GWDepth_Res_Modification        1              1              1
Total_Dom_GWW                           1              1              1
all                                     1              1              1
total                                  13              1              1

Select jobs to execute...

[Fri May 10 21:33:05 2024]
Job 12: now generating /home/sara.nazari/labspaces/global-coastal-groundwater/data/work/Water_Use/Publish_Test/Population/Netcdf/Annual_Grid_Population_2001_2020.nc file from rule An_Grid_Pop
Reason: Missing output files: /home/sara.nazari/labspaces/global-coastal-groundwater/data/work/Water_Use/Publish_Test/Population/Netcdf/Annual_Grid_Population_2001_2020.nc

[Fri May 10 21:33:47 2024]
Finished job 12.
1 of 13 steps (8%) done
Select jobs to execute...

[Fri May 10 21:33:47 2024]
Job 11: now generating /home/sara.nazari/labspaces/global-coastal-groundwater/data/work/Water_Use/Publish_Test/Population/Netcdf/Annual_Grid_Population_2001_2020_01Degree_Sum.nc /home/sara.nazari/labspaces/global-coastal-groundwater/data/work/Water_Use/Publish_Test/GWDepth/Netcdf/GW_Level_Depth_01.nc file from rule Pop_and_GWDepth_Res_Modification
Reason: Missing output files: /home/sara.nazari/labspaces/global-coastal-groundwater/data/work/Water_Use/Publish_Test/Population/Netcdf/Annual_Grid_Population_2001_2020_01Degree_Sum.nc, /home/sara.nazari/labspaces/global-coastal-groundwater/data/work/Water_Use/Publish_Test/GWDepth/Netcdf/GW_Level_Depth_01.nc; Input files updated by another job: /home/sara.nazari/labspaces/global-coastal-groundwater/data/work/Water_Use/Publish_Test/Population/Netcdf/Annual_Grid_Population_2001_2020.nc

[Fri May 10 21:35:47 2024]
Finished job 11.
2 of 13 steps (15%) done
Select jobs to execute...

[Fri May 10 21:35:47 2024]
Job 8: now generating /home/sara.nazari/labspaces/global-coastal-groundwater/data/work/Water_Use/Publish_Test/Domestic/shp/Countries_Total_GW_Abstraction_AQUASTAT_2001_2020.shp file from rule Countries_TGWW_data
Reason: Missing output files: /home/sara.nazari/labspaces/global-coastal-groundwater/data/work/Water_Use/Publish_Test/Domestic/shp/Countries_Total_GW_Abstraction_AQUASTAT_2001_2020.shp

[Fri May 10 21:35:52 2024]
Finished job 8.
3 of 13 steps (23%) done
Select jobs to execute...

[Fri May 10 21:35:52 2024]
Job 7: now generating /home/sara.nazari/labspaces/global-coastal-groundwater/data/work/Water_Use/Publish_Test/Domestic/shp/Countries_Domstic_GW_Abstraction_2001_2020.shp file from rule Countries_Dom_GWW
Reason: Missing output files: /home/sara.nazari/labspaces/global-coastal-groundwater/data/work/Water_Use/Publish_Test/Domestic/shp/Countries_Domstic_GW_Abstraction_2001_2020.shp; Input files updated by another job: /home/sara.nazari/labspaces/global-coastal-groundwater/data/work/Water_Use/Publish_Test/Domestic/shp/Countries_Total_GW_Abstraction_AQUASTAT_2001_2020.shp

[Fri May 10 21:35:55 2024]
Finished job 7.
4 of 13 steps (31%) done
Select jobs to execute...

[Fri May 10 21:35:55 2024]
Job 6: now generating /home/sara.nazari/labspaces/global-coastal-groundwater/data/work/Water_Use/Publish_Test/Domestic/shp/Countries_Domstic_GW_Abstraction_2001_2020_Eu_World.shp file from rule Merge_Dom_GWW_Eu_World
Reason: Missing output files: /home/sara.nazari/labspaces/global-coastal-groundwater/data/work/Water_Use/Publish_Test/Domestic/shp/Countries_Domstic_GW_Abstraction_2001_2020_Eu_World.shp; Input files updated by another job: /home/sara.nazari/labspaces/global-coastal-groundwater/data/work/Water_Use/Publish_Test/Domestic/shp/Countries_Domstic_GW_Abstraction_2001_2020.shp

[Fri May 10 21:35:58 2024]
Finished job 6.
5 of 13 steps (38%) done
Select jobs to execute...

[Fri May 10 21:35:58 2024]
Job 5: now generating /home/sara.nazari/labspaces/global-coastal-groundwater/data/work/Water_Use/Publish_Test/Domestic/shp/Countries_Domstic_GW_Abstraction_2001_2020_noData_DomFrac.shp file from rule Fill_no_data_frac_dom
Reason: Missing output files: /home/sara.nazari/labspaces/global-coastal-groundwater/data/work/Water_Use/Publish_Test/Domestic/shp/Countries_Domstic_GW_Abstraction_2001_2020_noData_DomFrac.shp; Input files updated by another job: /home/sara.nazari/labspaces/global-coastal-groundwater/data/work/Water_Use/Publish_Test/Domestic/shp/Countries_Domstic_GW_Abstraction_2001_2020_Eu_World.shp

[Fri May 10 21:36:00 2024]
Finished job 5.
6 of 13 steps (46%) done
Select jobs to execute...

[Fri May 10 21:36:00 2024]
Job 10: now generating /home/sara.nazari/labspaces/global-coastal-groundwater/data/work/Water_Use/Publish_Test/Population/Netcdf/Annual_Grid_Population_2001_2020_GWdepth.nc /home/sara.nazari/labspaces/global-coastal-groundwater/data/work/Water_Use/Publish_Test/GWDepth/Netcdf/GWDepth_less_100m.nc file from rule Pop_GWDepth_100m
Reason: Missing output files: /home/sara.nazari/labspaces/global-coastal-groundwater/data/work/Water_Use/Publish_Test/Population/Netcdf/Annual_Grid_Population_2001_2020_GWdepth.nc; Input files updated by another job: /home/sara.nazari/labspaces/global-coastal-groundwater/data/work/Water_Use/Publish_Test/Population/Netcdf/Annual_Grid_Population_2001_2020_01Degree_Sum.nc, /home/sara.nazari/labspaces/global-coastal-groundwater/data/work/Water_Use/Publish_Test/GWDepth/Netcdf/GW_Level_Depth_01.nc

[Fri May 10 21:36:09 2024]
Finished job 10.
7 of 13 steps (54%) done
Select jobs to execute...

[Fri May 10 21:36:09 2024]
Job 9: now generating /home/sara.nazari/labspaces/global-coastal-groundwater/data/work/Water_Use/Publish_Test/Population/shp/Annual_Countires_Population_2001_2020_GWdepth.shp file from rule An_countries_population
Reason: Missing output files: /home/sara.nazari/labspaces/global-coastal-groundwater/data/work/Water_Use/Publish_Test/Population/shp/Annual_Countires_Population_2001_2020_GWdepth.shp; Input files updated by another job: /home/sara.nazari/labspaces/global-coastal-groundwater/data/work/Water_Use/Publish_Test/Population/Netcdf/Annual_Grid_Population_2001_2020_GWdepth.nc

[Fri May 10 21:36:44 2024]
Finished job 9.
8 of 13 steps (62%) done
Select jobs to execute...

[Fri May 10 21:36:44 2024]
Job 4: now generating /home/sara.nazari/labspaces/global-coastal-groundwater/data/work/Water_Use/Publish_Test/Domestic/shp/Countries_Domstic_GW_Abstraction_2001_2020_PerPerson.shp file from rule Person_Dom_GWW
Reason: Missing output files: /home/sara.nazari/labspaces/global-coastal-groundwater/data/work/Water_Use/Publish_Test/Domestic/shp/Countries_Domstic_GW_Abstraction_2001_2020_PerPerson.shp; Input files updated by another job: /home/sara.nazari/labspaces/global-coastal-groundwater/data/work/Water_Use/Publish_Test/Domestic/shp/Countries_Domstic_GW_Abstraction_2001_2020_noData_DomFrac.shp, /home/sara.nazari/labspaces/global-coastal-groundwater/data/work/Water_Use/Publish_Test/Population/shp/Annual_Countires_Population_2001_2020_GWdepth.shp

[Fri May 10 21:36:46 2024]
Finished job 4.
9 of 13 steps (69%) done
Select jobs to execute...

[Fri May 10 21:36:46 2024]
Job 3: now generating /home/sara.nazari/labspaces/global-coastal-groundwater/data/work/Water_Use/Publish_Test/Domestic/shp/Countries_Domstic_GW_Abstraction_2001_2020_PerPerson_Assigned_noData.shp file from rule Fill_no_data_Person_Dom_GWW
Reason: Missing output files: /home/sara.nazari/labspaces/global-coastal-groundwater/data/work/Water_Use/Publish_Test/Domestic/shp/Countries_Domstic_GW_Abstraction_2001_2020_PerPerson_Assigned_noData.shp; Input files updated by another job: /home/sara.nazari/labspaces/global-coastal-groundwater/data/work/Water_Use/Publish_Test/Domestic/shp/Countries_Domstic_GW_Abstraction_2001_2020_PerPerson.shp

[Fri May 10 21:36:47 2024]
Error in rule Fill_no_data_Person_Dom_GWW:
    jobid: 3
    output: /home/sara.nazari/labspaces/global-coastal-groundwater/data/work/Water_Use/Publish_Test/Domestic/shp/Countries_Domstic_GW_Abstraction_2001_2020_PerPerson_Assigned_noData.shp

RuleException:
CalledProcessErrorin line 170 of /labspaces/global-coastal-groundwater/users/sara.nazari/code/Water_Use/Publish/Snakefile:
Command 'set -euo pipefail;  /home/sara.nazari/labspaces/global-coastal-groundwater/software/FCGW/bin/python3.7 /labspaces/global-coastal-groundwater/users/sara.nazari/code/Water_Use/Publish/.snakemake/scripts/tmpeddk48ss.An_Person_Dom_GWW_Fillno.py' returned non-zero exit status 1.
  File "/labspaces/global-coastal-groundwater/users/sara.nazari/code/Water_Use/Publish/Snakefile", line 170, in __rule_Fill_no_data_Person_Dom_GWW
  File "/home/sara.nazari/labspaces/global-coastal-groundwater/software/FCGW/lib/python3.7/concurrent/futures/thread.py", line 57, in run
Shutting down, this might take some time.
Exiting because a job execution failed. Look above for error message
Complete log: .snakemake/log/2024-05-10T213304.032140.snakemake.log
