Building DAG of jobs...
Using shell: /usr/bin/bash
Provided cores: 1 (use --cores to define parallelism)
Rules claiming more threads will be scaled down.
Job stats:
job                                          count    min threads    max threads
-----------------------------------------  -------  -------------  -------------
Urban_Centre_Mining_Location_GWDepth_100m        1              1              1
all                                              1              1              1
total                                            2              1              1

Select jobs to execute...

[Mon May 13 12:35:22 2024]
Job 1: now generating /home/sara.nazari/labspaces/global-coastal-groundwater/data/work/Water_Use/Publish_Test/Urban_Mining/Netcdf/GW_depth_less_100m_Urban_mining_grids.nc file from rule Urban_Centre_Mining_Location_GWDepth_100m
Reason: Missing output files: /home/sara.nazari/labspaces/global-coastal-groundwater/data/work/Water_Use/Publish_Test/Urban_Mining/Netcdf/GW_depth_less_100m_Urban_mining_grids.nc

[Mon May 13 12:35:26 2024]
Finished job 1.
1 of 2 steps (50%) done
Select jobs to execute...

[Mon May 13 12:35:26 2024]
localrule all:
    input: /home/sara.nazari/labspaces/global-coastal-groundwater/data/work/Water_Use/Publish_Test/Urban_Mining/Netcdf/GW_depth_less_100m_Urban_mining_grids.nc
    jobid: 0
    reason: Input files updated by another job: /home/sara.nazari/labspaces/global-coastal-groundwater/data/work/Water_Use/Publish_Test/Urban_Mining/Netcdf/GW_depth_less_100m_Urban_mining_grids.nc
    resources: tmpdir=/tmp

[Mon May 13 12:35:26 2024]
Finished job 0.
2 of 2 steps (100%) done
Complete log: .snakemake/log/2024-05-13T123521.533478.snakemake.log
