Building DAG of jobs...
Using shell: /usr/bin/bash
Provided cores: 1 (use --cores to define parallelism)
Rules claiming more threads will be scaled down.
Job stats:
job                                    count    min threads    max threads
-----------------------------------  -------  -------------  -------------
Fill_no_data_Countries_Grid_Irr_GWW        1              1              1
GG_W                                       1              1              1
total                                      2              1              1

Select jobs to execute...

[Wed May 15 17:33:02 2024]
Job 1: now generating /home/sara.nazari/labspaces/global-coastal-groundwater/data/work/Water_Use/Publish_Test/Irrigation/shp/Countries_Irr_GWW_2001_2020_Irr_Grid_Fillno.shp file from Fill_no_data_Countries_Grid_Irr_GWW
Reason: Missing output files: /home/sara.nazari/labspaces/global-coastal-groundwater/data/work/Water_Use/Publish_Test/Irrigation/shp/Countries_Irr_GWW_2001_2020_Irr_Grid_Fillno.shp

[Wed May 15 17:33:02 2024]
Error in rule Fill_no_data_Countries_Grid_Irr_GWW:
    jobid: 1
    output: /home/sara.nazari/labspaces/global-coastal-groundwater/data/work/Water_Use/Publish_Test/Irrigation/shp/Countries_Irr_GWW_2001_2020_Irr_Grid_Fillno.shp

RuleException:
WorkflowErrorin line 401 of /labspaces/global-coastal-groundwater/users/sara.nazari/code/Water_Use/Publish/Snakefile:
Failed to open source file /home/sara.nazari/labspaces/global-coastal-groundwater/code/Water_Use/Publish/Fill_no_data_Irr_Grid_Irr_GWW.py
FileNotFoundError: [Errno 2] No such file or directory: '/home/sara.nazari/labspaces/global-coastal-groundwater/code/Water_Use/Publish/Fill_no_data_Irr_Grid_Irr_GWW.py'
  File "/labspaces/global-coastal-groundwater/users/sara.nazari/code/Water_Use/Publish/Snakefile", line 401, in __rule_Fill_no_data_Countries_Grid_Irr_GWW
  File "/home/sara.nazari/labspaces/global-coastal-groundwater/software/FCGW/lib/python3.7/concurrent/futures/thread.py", line 57, in run
Shutting down, this might take some time.
Exiting because a job execution failed. Look above for error message
Complete log: .snakemake/log/2024-05-15T173301.337611.snakemake.log
