Building DAG of jobs...
Using shell: /usr/bin/bash
Provided cores: 1 (use --cores to define parallelism)
Rules claiming more threads will be scaled down.
Job stats:
job                    count    min threads    max threads
-------------------  -------  -------------  -------------
Countries_TGWW_data        1              1              1
all                        1              1              1
total                      2              1              1

Select jobs to execute...

[Fri May 10 12:57:10 2024]
Job 1: now generating /home/sara.nazari/labspaces/global-coastal-groundwater/data/work/Water_Use/Publish_Test/Domestic/shp/Countries_Total_GW_Abstraction_AQUASTAT_2001_20022.shp file from rule Countries_TGWW_data
Reason: Missing output files: /home/sara.nazari/labspaces/global-coastal-groundwater/data/work/Water_Use/Publish_Test/Domestic/shp/Countries_Total_GW_Abstraction_AQUASTAT_2001_20022.shp

[Fri May 10 12:57:11 2024]
Error in rule Countries_TGWW_data:
    jobid: 1
    output: /home/sara.nazari/labspaces/global-coastal-groundwater/data/work/Water_Use/Publish_Test/Domestic/shp/Countries_Total_GW_Abstraction_AQUASTAT_2001_20022.shp

RuleException:
CalledProcessErrorin line 52 of /labspaces/global-coastal-groundwater/users/sara.nazari/code/Water_Use/Publish/Snakefile:
Command 'set -euo pipefail;  /home/sara.nazari/labspaces/global-coastal-groundwater/software/FCGW/bin/python3.7 /labspaces/global-coastal-groundwater/users/sara.nazari/code/Water_Use/Publish/.snakemake/scripts/tmp4_zg_k7z.An_Countries_TGWW.py' returned non-zero exit status 1.
  File "/labspaces/global-coastal-groundwater/users/sara.nazari/code/Water_Use/Publish/Snakefile", line 52, in __rule_Countries_TGWW_data
  File "/home/sara.nazari/labspaces/global-coastal-groundwater/software/FCGW/lib/python3.7/concurrent/futures/thread.py", line 57, in run
Shutting down, this might take some time.
Exiting because a job execution failed. Look above for error message
Complete log: .snakemake/log/2024-05-10T125709.791807.snakemake.log
