Building DAG of jobs...
Using shell: /usr/bin/bash
Provided cores: 1 (use --cores to define parallelism)
Rules claiming more threads will be scaled down.
Job stats:
job                      count    min threads    max threads
---------------------  -------  -------------  -------------
Countries_Ind_GWW            1              1              1
Countries_TGWW_data          1              1              1
Fill_no_data_frac_Ind        1              1              1
all                          1              1              1
total                        4              1              1

Select jobs to execute...

[Sun May 12 22:16:36 2024]
Job 3: now generating /home/sara.nazari/labspaces/global-coastal-groundwater/data/work/Water_Use/Publish_Test/Total/shp/Countries_Total_GWW_AQUASTAT_2001_2020.shp file from rule Countries_TGWW_data
Reason: Missing output files: /home/sara.nazari/labspaces/global-coastal-groundwater/data/work/Water_Use/Publish_Test/Total/shp/Countries_Total_GWW_AQUASTAT_2001_2020.shp

[Sun May 12 22:16:41 2024]
Finished job 3.
1 of 4 steps (25%) done
Select jobs to execute...

[Sun May 12 22:16:41 2024]
Job 2: now generating /home/sara.nazari/labspaces/global-coastal-groundwater/data/work/Water_Use/Publish_Test/Industrial/shp/Countries_Ind_GWW_2001_2020.shp file from rule Countries_Ind_GWW
Reason: Missing output files: /home/sara.nazari/labspaces/global-coastal-groundwater/data/work/Water_Use/Publish_Test/Industrial/shp/Countries_Ind_GWW_2001_2020.shp; Input files updated by another job: /home/sara.nazari/labspaces/global-coastal-groundwater/data/work/Water_Use/Publish_Test/Total/shp/Countries_Total_GWW_AQUASTAT_2001_2020.shp

[Sun May 12 22:16:43 2024]
Finished job 2.
2 of 4 steps (50%) done
Select jobs to execute...

[Sun May 12 22:16:43 2024]
Job 1: now generating /home/sara.nazari/labspaces/global-coastal-groundwater/data/work/Water_Use/Publish_Test/Industrial/shp/Countries_Ind_GWW_2001_2020_noData_IndFrac.shp file from rule Fill_no_data_frac_Ind
Reason: Missing output files: /home/sara.nazari/labspaces/global-coastal-groundwater/data/work/Water_Use/Publish_Test/Industrial/shp/Countries_Ind_GWW_2001_2020_noData_IndFrac.shp; Input files updated by another job: /home/sara.nazari/labspaces/global-coastal-groundwater/data/work/Water_Use/Publish_Test/Industrial/shp/Countries_Ind_GWW_2001_2020.shp

[Sun May 12 22:16:46 2024]
Finished job 1.
3 of 4 steps (75%) done
Select jobs to execute...

[Sun May 12 22:16:46 2024]
localrule all:
    input: /home/sara.nazari/labspaces/global-coastal-groundwater/data/work/Water_Use/Publish_Test/Industrial/shp/Countries_Ind_GWW_2001_2020_noData_IndFrac.shp
    jobid: 0
    reason: Input files updated by another job: /home/sara.nazari/labspaces/global-coastal-groundwater/data/work/Water_Use/Publish_Test/Industrial/shp/Countries_Ind_GWW_2001_2020_noData_IndFrac.shp
    resources: tmpdir=/tmp

[Sun May 12 22:16:46 2024]
Finished job 0.
4 of 4 steps (100%) done
Complete log: .snakemake/log/2024-05-12T221634.940908.snakemake.log
