Building DAG of jobs...
Using shell: /usr/bin/bash
Provided cores: 1 (use --cores to define parallelism)
Rules claiming more threads will be scaled down.
Job stats:
job                                          count    min threads    max threads
-----------------------------------------  -------  -------------  -------------
CU_Grid_Irr_GWW                                  1              1              1
Count_Urban_Mining_Grids                         1              1              1
Countries_Dom_GWW                                1              1              1
Countries_Grid_Ind_GWW                           1              1              1
Countries_Grid_Irr_GWW                           1              1              1
Fill_no_data_Countries_Grid_Ind_GWW              1              1              1
Fill_no_data_Countries_Grid_Irr_GWW              1              1              1
Fill_no_data_Person_Dom_GWW                      1              1              1
Fill_no_data_frac_Irr                            1              1              1
Fill_no_data_frac_dom                            1              1              1
GG_W                                             1              1              1
Grid_Person_Dom_GWW                              1              1              1
Irr_Efficiency                                   1              1              1
Merge_Dom_GWW_Eu_World                           1              1              1
Merge_Irr_GWW_Eu_World                           1              1              1
Merge_Urban_Centre_Mining_Location               1              1              1
Net_Grid_Irr_GWW                                 1              1              1
Person_Dom_GWW                                   1              1              1
Sum_Irr_Area                                     1              1              1
Total_Dom_GWW                                    1              1              1
Total_Grid_GWW                                   1              1              1
Total_Grid_Ind_GWW                               1              1              1
Total_Grid_Irr_GWW                               1              1              1
Urban_Centre_Mining_Location_GWDepth_100m        1              1              1
total                                           24              1              1

Select jobs to execute...

[Wed Mar 12 15:34:45 2025]
Job 27: now generating /home/sara.nazari/labspaces/global-coastal-groundwater/data/work/Water_Use/Paper_Publish_Data/test_outputs/Domestic/shp/Countries_Domstic_GWW_2001_2002.shp file from rule Countries_Dom_GWW
Reason: Missing output files: /home/sara.nazari/labspaces/global-coastal-groundwater/data/work/Water_Use/Paper_Publish_Data/test_outputs/Domestic/shp/Countries_Domstic_GWW_2001_2002.shp

[Wed Mar 12 15:34:49 2025]
Finished job 27.
1 of 24 steps (4%) done
Select jobs to execute...

[Wed Mar 12 15:34:49 2025]
Job 20: now generating /home/sara.nazari/labspaces/global-coastal-groundwater/data/work/Water_Use/Paper_Publish_Data/test_outputs/Urban_Mining/Netcdf/global_miningarea_v1_plus_urban_01degree.nc file from rule Merge_Urban_Centre_Mining_Location
Reason: Missing output files: /home/sara.nazari/labspaces/global-coastal-groundwater/data/work/Water_Use/Paper_Publish_Data/test_outputs/Urban_Mining/Netcdf/global_miningarea_v1_plus_urban_01degree.nc

[Wed Mar 12 15:34:55 2025]
Finished job 20.
2 of 24 steps (8%) done
Select jobs to execute...

[Wed Mar 12 15:34:55 2025]
Job 9: now generating /home/sara.nazari/labspaces/global-coastal-groundwater/data/work/Water_Use/Paper_Publish_Data/test_outputs/Irrigation/shp/Countries_Irr_GWW_2001_2002_Eu_World.shp file from rule Merge_Irr_GWW_Eu_World
Reason: Missing output files: /home/sara.nazari/labspaces/global-coastal-groundwater/data/work/Water_Use/Paper_Publish_Data/test_outputs/Irrigation/shp/Countries_Irr_GWW_2001_2002_Eu_World.shp

[Wed Mar 12 15:34:57 2025]
Finished job 9.
3 of 24 steps (12%) done
Select jobs to execute...

[Wed Mar 12 15:34:57 2025]
Job 8: now generating /home/sara.nazari/labspaces/global-coastal-groundwater/data/work/Water_Use/Paper_Publish_Data/test_outputs/Irrigation/shp/Countries_Irr_GWW_2001_2002_noData_IrrFrac.shp file from rule Fill_no_data_frac_Irr
Reason: Missing output files: /home/sara.nazari/labspaces/global-coastal-groundwater/data/work/Water_Use/Paper_Publish_Data/test_outputs/Irrigation/shp/Countries_Irr_GWW_2001_2002_noData_IrrFrac.shp; Input files updated by another job: /home/sara.nazari/labspaces/global-coastal-groundwater/data/work/Water_Use/Paper_Publish_Data/test_outputs/Irrigation/shp/Countries_Irr_GWW_2001_2002_Eu_World.shp

[Wed Mar 12 15:34:59 2025]
Finished job 8.
4 of 24 steps (17%) done
Select jobs to execute...

[Wed Mar 12 15:34:59 2025]
Job 7: now generating /home/sara.nazari/labspaces/global-coastal-groundwater/data/work/Water_Use/Paper_Publish_Data/test_outputs/Irrigation/shp/Countries_Irr_GWW_2001_2002_noData_IrrFrac_IrrArea.shp file from rule Sum_Irr_Area
Reason: Missing output files: /home/sara.nazari/labspaces/global-coastal-groundwater/data/work/Water_Use/Paper_Publish_Data/test_outputs/Irrigation/shp/Countries_Irr_GWW_2001_2002_noData_IrrFrac_IrrArea.shp; Input files updated by another job: /home/sara.nazari/labspaces/global-coastal-groundwater/data/work/Water_Use/Paper_Publish_Data/test_outputs/Irrigation/shp/Countries_Irr_GWW_2001_2002_noData_IrrFrac.shp

[Wed Mar 12 15:35:07 2025]
Finished job 7.
5 of 24 steps (21%) done
Select jobs to execute...

[Wed Mar 12 15:35:07 2025]
Job 26: now generating /home/sara.nazari/labspaces/global-coastal-groundwater/data/work/Water_Use/Paper_Publish_Data/test_outputs/Domestic/shp/Countries_Domstic_GWW_2001_2002_Eu_World.shp file from rule Merge_Dom_GWW_Eu_World
Reason: Missing output files: /home/sara.nazari/labspaces/global-coastal-groundwater/data/work/Water_Use/Paper_Publish_Data/test_outputs/Domestic/shp/Countries_Domstic_GWW_2001_2002_Eu_World.shp; Input files updated by another job: /home/sara.nazari/labspaces/global-coastal-groundwater/data/work/Water_Use/Paper_Publish_Data/test_outputs/Domestic/shp/Countries_Domstic_GWW_2001_2002.shp

[Wed Mar 12 15:35:08 2025]
Error in rule Merge_Dom_GWW_Eu_World:
    jobid: 26
    output: /home/sara.nazari/labspaces/global-coastal-groundwater/data/work/Water_Use/Paper_Publish_Data/test_outputs/Domestic/shp/Countries_Domstic_GWW_2001_2002_Eu_World.shp

RuleException:
CalledProcessErrorin line 105 of /labspaces/global-coastal-groundwater/users/sara.nazari/code/Water_Use/Publish/Snakefile:
Command 'set -euo pipefail;  /home/sara.nazari/labspaces/global-coastal-groundwater/software/FCGW/bin/python3.7 /labspaces/global-coastal-groundwater/users/sara.nazari/code/Water_Use/Publish/.snakemake/scripts/tmppud2ahzy.An_merg_Eu_Dom_GWW.py' returned non-zero exit status 1.
  File "/labspaces/global-coastal-groundwater/users/sara.nazari/code/Water_Use/Publish/Snakefile", line 105, in __rule_Merge_Dom_GWW_Eu_World
  File "/home/sara.nazari/labspaces/global-coastal-groundwater/software/FCGW/lib/python3.7/concurrent/futures/thread.py", line 57, in run
Shutting down, this might take some time.
Exiting because a job execution failed. Look above for error message
Complete log: .snakemake/log/2025-03-12T153442.118780.snakemake.log
