Building DAG of jobs...
Using shell: /usr/bin/bash
Provided cores: 1 (use --cores to define parallelism)
Rules claiming more threads will be scaled down.
Job stats:
job                                          count    min threads    max threads
-----------------------------------------  -------  -------------  -------------
CU_Grid_Irr_GWW                                  1              1              1
Count_Urban_Mining_Grids                         1              1              1
Countries_Grid_Ind_GWW                           1              1              1
Countries_Grid_Irr_GWW                           1              1              1
Fill_no_data_Countries_Grid_Ind_GWW              1              1              1
Fill_no_data_Countries_Grid_Irr_GWW              1              1              1
Fill_no_data_Person_Dom_GWW                      1              1              1
Fill_no_data_frac_Irr                            1              1              1
Fill_no_data_frac_dom                            1              1              1
GG_W                                             1              1              1
Grid_Person_Dom_GWW                              1              1              1
Irr_Efficiency                                   1              1              1
Merge_Dom_GWW_Eu_World                           1              1              1
Merge_Irr_GWW_Eu_World                           1              1              1
Net_Grid_Irr_GWW                                 1              1              1
Person_Dom_GWW                                   1              1              1
Sum_Irr_Area                                     1              1              1
Total_Dom_GWW                                    1              1              1
Total_Grid_GWW                                   1              1              1
Total_Grid_Ind_GWW                               1              1              1
Total_Grid_Irr_GWW                               1              1              1
Urban_Centre_Mining_Location_GWDepth_100m        1              1              1
total                                           22              1              1

Select jobs to execute...

[Wed Mar 12 15:53:28 2025]
Job 9: now generating /home/sara.nazari/labspaces/global-coastal-groundwater/data/work/Water_Use/Paper_Publish_Data/test_outputs/Irrigation/shp/Countries_Irr_GWW_2001_2002_Eu_World.shp file from rule Merge_Irr_GWW_Eu_World
Reason: Code has changed since last execution

[Wed Mar 12 15:53:30 2025]
Finished job 9.
1 of 22 steps (5%) done
Select jobs to execute...

[Wed Mar 12 15:53:30 2025]
Job 8: now generating /home/sara.nazari/labspaces/global-coastal-groundwater/data/work/Water_Use/Paper_Publish_Data/test_outputs/Irrigation/shp/Countries_Irr_GWW_2001_2002_noData_IrrFrac.shp file from rule Fill_no_data_frac_Irr
Reason: Input files updated by another job: /home/sara.nazari/labspaces/global-coastal-groundwater/data/work/Water_Use/Paper_Publish_Data/test_outputs/Irrigation/shp/Countries_Irr_GWW_2001_2002_Eu_World.shp

[Wed Mar 12 15:53:32 2025]
Finished job 8.
2 of 22 steps (9%) done
Select jobs to execute...

[Wed Mar 12 15:53:32 2025]
Job 7: now generating /home/sara.nazari/labspaces/global-coastal-groundwater/data/work/Water_Use/Paper_Publish_Data/test_outputs/Irrigation/shp/Countries_Irr_GWW_2001_2002_noData_IrrFrac_IrrArea.shp file from rule Sum_Irr_Area
Reason: Input files updated by another job: /home/sara.nazari/labspaces/global-coastal-groundwater/data/work/Water_Use/Paper_Publish_Data/test_outputs/Irrigation/shp/Countries_Irr_GWW_2001_2002_noData_IrrFrac.shp

[Wed Mar 12 15:53:39 2025]
Finished job 7.
3 of 22 steps (14%) done
Select jobs to execute...

[Wed Mar 12 15:53:39 2025]
Job 26: now generating /home/sara.nazari/labspaces/global-coastal-groundwater/data/work/Water_Use/Paper_Publish_Data/test_outputs/Domestic/shp/Countries_Domstic_GWW_2001_2002_Eu_World.shp file from rule Merge_Dom_GWW_Eu_World
Reason: Missing output files: /home/sara.nazari/labspaces/global-coastal-groundwater/data/work/Water_Use/Paper_Publish_Data/test_outputs/Domestic/shp/Countries_Domstic_GWW_2001_2002_Eu_World.shp

[Wed Mar 12 15:53:41 2025]
Finished job 26.
4 of 22 steps (18%) done
Select jobs to execute...

[Wed Mar 12 15:53:41 2025]
Job 25: now generating /home/sara.nazari/labspaces/global-coastal-groundwater/data/work/Water_Use/Paper_Publish_Data/test_outputs/Domestic/shp/Countries_Domstic_GWW_2001_2002_noData_DomFrac.shp file from rule Fill_no_data_frac_dom
Reason: Missing output files: /home/sara.nazari/labspaces/global-coastal-groundwater/data/work/Water_Use/Paper_Publish_Data/test_outputs/Domestic/shp/Countries_Domstic_GWW_2001_2002_noData_DomFrac.shp; Input files updated by another job: /home/sara.nazari/labspaces/global-coastal-groundwater/data/work/Water_Use/Paper_Publish_Data/test_outputs/Domestic/shp/Countries_Domstic_GWW_2001_2002_Eu_World.shp

[Wed Mar 12 15:53:44 2025]
Finished job 25.
5 of 22 steps (23%) done
Select jobs to execute...

[Wed Mar 12 15:53:44 2025]
Job 24: now generating /home/sara.nazari/labspaces/global-coastal-groundwater/data/work/Water_Use/Paper_Publish_Data/test_outputs/Domestic/shp/Countries_Domstic_GWW_2001_2002_PerPerson.shp file from rule Person_Dom_GWW
Reason: Missing output files: /home/sara.nazari/labspaces/global-coastal-groundwater/data/work/Water_Use/Paper_Publish_Data/test_outputs/Domestic/shp/Countries_Domstic_GWW_2001_2002_PerPerson.shp; Input files updated by another job: /home/sara.nazari/labspaces/global-coastal-groundwater/data/work/Water_Use/Paper_Publish_Data/test_outputs/Domestic/shp/Countries_Domstic_GWW_2001_2002_noData_DomFrac.shp

[Wed Mar 12 15:53:46 2025]
Finished job 24.
6 of 22 steps (27%) done
Select jobs to execute...

[Wed Mar 12 15:53:46 2025]
Job 23: now generating /home/sara.nazari/labspaces/global-coastal-groundwater/data/work/Water_Use/Paper_Publish_Data/test_outputs/Domestic/shp/Countries_Domstic_GWW_2001_2002_PerPerson_Assigned_noData.shp file from rule Fill_no_data_Person_Dom_GWW
Reason: Missing output files: /home/sara.nazari/labspaces/global-coastal-groundwater/data/work/Water_Use/Paper_Publish_Data/test_outputs/Domestic/shp/Countries_Domstic_GWW_2001_2002_PerPerson_Assigned_noData.shp; Input files updated by another job: /home/sara.nazari/labspaces/global-coastal-groundwater/data/work/Water_Use/Paper_Publish_Data/test_outputs/Domestic/shp/Countries_Domstic_GWW_2001_2002_PerPerson.shp

[Wed Mar 12 15:53:49 2025]
Finished job 23.
7 of 22 steps (32%) done
Select jobs to execute...

[Wed Mar 12 15:53:49 2025]
Job 22: now generating /home/sara.nazari/labspaces/global-coastal-groundwater/data/work/Water_Use/Paper_Publish_Data/test_outputs/Domestic/Netcdf/Annual_D_GWW_Per_Person_GWdepth_2001_2002.nc file from rule Grid_Person_Dom_GWW
Reason: Missing output files: /home/sara.nazari/labspaces/global-coastal-groundwater/data/work/Water_Use/Paper_Publish_Data/test_outputs/Domestic/Netcdf/Annual_D_GWW_Per_Person_GWdepth_2001_2002.nc; Input files updated by another job: /home/sara.nazari/labspaces/global-coastal-groundwater/data/work/Water_Use/Paper_Publish_Data/test_outputs/Domestic/shp/Countries_Domstic_GWW_2001_2002_PerPerson_Assigned_noData.shp

[Wed Mar 12 15:53:54 2025]
Finished job 22.
8 of 22 steps (36%) done
Select jobs to execute...

[Wed Mar 12 15:53:54 2025]
Job 21: now generating /home/sara.nazari/labspaces/global-coastal-groundwater/data/work/Water_Use/Paper_Publish_Data/test_outputs/Domestic/Netcdf/Annual_Total_D_GWW_GWdepth_2001_2002.nc file from rule Total_Dom_GWW
Reason: Missing output files: /home/sara.nazari/labspaces/global-coastal-groundwater/data/work/Water_Use/Paper_Publish_Data/test_outputs/Domestic/Netcdf/Annual_Total_D_GWW_GWdepth_2001_2002.nc; Input files updated by another job: /home/sara.nazari/labspaces/global-coastal-groundwater/data/work/Water_Use/Paper_Publish_Data/test_outputs/Domestic/Netcdf/Annual_D_GWW_Per_Person_GWdepth_2001_2002.nc

[Wed Mar 12 15:53:59 2025]
Finished job 21.
9 of 22 steps (41%) done
Select jobs to execute...

[Wed Mar 12 15:53:59 2025]
Job 19: now generating /home/sara.nazari/labspaces/global-coastal-groundwater/data/work/Water_Use/Paper_Publish_Data/test_outputs/Urban_Mining/Netcdf/GW_depth_less_100m_Urban_mining_grids.nc file from rule Urban_Centre_Mining_Location_GWDepth_100m
Reason: Missing output files: /home/sara.nazari/labspaces/global-coastal-groundwater/data/work/Water_Use/Paper_Publish_Data/test_outputs/Urban_Mining/Netcdf/GW_depth_less_100m_Urban_mining_grids.nc

[Wed Mar 12 15:54:03 2025]
Finished job 19.
10 of 22 steps (45%) done
Select jobs to execute...

[Wed Mar 12 15:54:03 2025]
Job 6: now generating /home/sara.nazari/labspaces/global-coastal-groundwater/data/work/Water_Use/Paper_Publish_Data/test_outputs/Irrigation/shp/Countries_Irr_GWW_2001_2002_Irr_Grid.shp file from Countries_Grid_Irr_GWW
Reason: Missing output files: /home/sara.nazari/labspaces/global-coastal-groundwater/data/work/Water_Use/Paper_Publish_Data/test_outputs/Irrigation/shp/Countries_Irr_GWW_2001_2002_Irr_Grid.shp; Input files updated by another job: /home/sara.nazari/labspaces/global-coastal-groundwater/data/work/Water_Use/Paper_Publish_Data/test_outputs/Irrigation/shp/Countries_Irr_GWW_2001_2002_noData_IrrFrac_IrrArea.shp

[Wed Mar 12 15:54:06 2025]
Finished job 6.
11 of 22 steps (50%) done
Select jobs to execute...

[Wed Mar 12 15:54:06 2025]
Job 5: now generating /home/sara.nazari/labspaces/global-coastal-groundwater/data/work/Water_Use/Paper_Publish_Data/test_outputs/Irrigation/shp/Countries_Irr_GWW_2001_2002_Irr_Grid_Fillno.shp file from Fill_no_data_Countries_Grid_Irr_GWW
Reason: Missing output files: /home/sara.nazari/labspaces/global-coastal-groundwater/data/work/Water_Use/Paper_Publish_Data/test_outputs/Irrigation/shp/Countries_Irr_GWW_2001_2002_Irr_Grid_Fillno.shp; Input files updated by another job: /home/sara.nazari/labspaces/global-coastal-groundwater/data/work/Water_Use/Paper_Publish_Data/test_outputs/Irrigation/shp/Countries_Irr_GWW_2001_2002_Irr_Grid.shp

[Wed Mar 12 15:54:08 2025]
Finished job 5.
12 of 22 steps (55%) done
Select jobs to execute...

[Wed Mar 12 15:54:08 2025]
Job 4: now generating /home/sara.nazari/labspaces/global-coastal-groundwater/data/work/Water_Use/Paper_Publish_Data/test_outputs/Irrigation/shp/Countries_Irr_GWW_2001_2002_Irr_Grid_Fillno_F_Irr.shp file from Irr_Efficiency
Reason: Missing output files: /home/sara.nazari/labspaces/global-coastal-groundwater/data/work/Water_Use/Paper_Publish_Data/test_outputs/Irrigation/shp/Countries_Irr_GWW_2001_2002_Irr_Grid_Fillno_F_Irr.shp; Input files updated by another job: /home/sara.nazari/labspaces/global-coastal-groundwater/data/work/Water_Use/Paper_Publish_Data/test_outputs/Irrigation/shp/Countries_Irr_GWW_2001_2002_Irr_Grid_Fillno.shp

[Wed Mar 12 15:54:10 2025]
Finished job 4.
13 of 22 steps (59%) done
Select jobs to execute...

[Wed Mar 12 15:54:10 2025]
Job 3: now generating /home/sara.nazari/labspaces/global-coastal-groundwater/data/work/Water_Use/Paper_Publish_Data/test_outputs/Irrigation/Netcdf/Annual_CU_Irr_GWW_2001_2002.nc file from CU_Grid_Irr_GWW
Reason: Missing output files: /home/sara.nazari/labspaces/global-coastal-groundwater/data/work/Water_Use/Paper_Publish_Data/test_outputs/Irrigation/Netcdf/Annual_CU_Irr_GWW_2001_2002.nc; Input files updated by another job: /home/sara.nazari/labspaces/global-coastal-groundwater/data/work/Water_Use/Paper_Publish_Data/test_outputs/Irrigation/shp/Countries_Irr_GWW_2001_2002_Irr_Grid_Fillno_F_Irr.shp

[Wed Mar 12 15:54:16 2025]
Finished job 3.
14 of 22 steps (64%) done
Select jobs to execute...

[Wed Mar 12 15:54:16 2025]
Job 12: now generating /home/sara.nazari/labspaces/global-coastal-groundwater/data/work/Water_Use/Paper_Publish_Data/test_outputs/Irrigation/Netcdf/Annual_Total_Irr_GWW_2001_2002.nc file from Total_Grid_Irr_GWW
Reason: Missing output files: /home/sara.nazari/labspaces/global-coastal-groundwater/data/work/Water_Use/Paper_Publish_Data/test_outputs/Irrigation/Netcdf/Annual_Total_Irr_GWW_2001_2002.nc; Input files updated by another job: /home/sara.nazari/labspaces/global-coastal-groundwater/data/work/Water_Use/Paper_Publish_Data/test_outputs/Irrigation/shp/Countries_Irr_GWW_2001_2002_Irr_Grid_Fillno.shp

[Wed Mar 12 15:54:21 2025]
Finished job 12.
15 of 22 steps (68%) done
Select jobs to execute...

[Wed Mar 12 15:54:22 2025]
Job 16: now generating /home/sara.nazari/labspaces/global-coastal-groundwater/data/work/Water_Use/Paper_Publish_Data/test_outputs/Industrial/shp/Countries_Ind_GWW_2001_2002_noData_IndFrac_Urb_Min_GWdepth_Count.shp file from rule Count_Urban_Mining_Grids
Reason: Missing output files: /home/sara.nazari/labspaces/global-coastal-groundwater/data/work/Water_Use/Paper_Publish_Data/test_outputs/Industrial/shp/Countries_Ind_GWW_2001_2002_noData_IndFrac_Urb_Min_GWdepth_Count.shp; Input files updated by another job: /home/sara.nazari/labspaces/global-coastal-groundwater/data/work/Water_Use/Paper_Publish_Data/test_outputs/Urban_Mining/Netcdf/GW_depth_less_100m_Urban_mining_grids.nc

[Wed Mar 12 15:54:28 2025]
Finished job 16.
16 of 22 steps (73%) done
Select jobs to execute...

[Wed Mar 12 15:54:29 2025]
Job 15: now generating /home/sara.nazari/labspaces/global-coastal-groundwater/data/work/Water_Use/Paper_Publish_Data/test_outputs/Industrial/shp/Countries_Ind_GWW_2001_2002_Per_Grid.shp file from rule Countries_Grid_Ind_GWW
Reason: Missing output files: /home/sara.nazari/labspaces/global-coastal-groundwater/data/work/Water_Use/Paper_Publish_Data/test_outputs/Industrial/shp/Countries_Ind_GWW_2001_2002_Per_Grid.shp; Input files updated by another job: /home/sara.nazari/labspaces/global-coastal-groundwater/data/work/Water_Use/Paper_Publish_Data/test_outputs/Industrial/shp/Countries_Ind_GWW_2001_2002_noData_IndFrac_Urb_Min_GWdepth_Count.shp

[Wed Mar 12 15:54:31 2025]
Finished job 15.
17 of 22 steps (77%) done
Select jobs to execute...

[Wed Mar 12 15:54:31 2025]
Job 2: now generating /home/sara.nazari/labspaces/global-coastal-groundwater/data/work/Water_Use/Paper_Publish_Data/test_outputs/Irrigation/Netcdf/Annual_Net_Irr_GWW_2001_2002.nc file from Net_Grid_Irr_GWW
Reason: Missing output files: /home/sara.nazari/labspaces/global-coastal-groundwater/data/work/Water_Use/Paper_Publish_Data/test_outputs/Irrigation/Netcdf/Annual_Net_Irr_GWW_2001_2002.nc; Input files updated by another job: /home/sara.nazari/labspaces/global-coastal-groundwater/data/work/Water_Use/Paper_Publish_Data/test_outputs/Irrigation/Netcdf/Annual_Total_Irr_GWW_2001_2002.nc, /home/sara.nazari/labspaces/global-coastal-groundwater/data/work/Water_Use/Paper_Publish_Data/test_outputs/Irrigation/Netcdf/Annual_CU_Irr_GWW_2001_2002.nc

[Wed Mar 12 15:54:36 2025]
Finished job 2.
18 of 22 steps (82%) done
Select jobs to execute...

[Wed Mar 12 15:54:36 2025]
Job 14: now generating /home/sara.nazari/labspaces/global-coastal-groundwater/data/work/Water_Use/Paper_Publish_Data/test_outputs/Industrial/shp/Countries_Ind_GWW_2001_2002_Per_Grid_Assigned_noData.shp file from rule Fill_no_data_Countries_Grid_Ind_GWW
Reason: Missing output files: /home/sara.nazari/labspaces/global-coastal-groundwater/data/work/Water_Use/Paper_Publish_Data/test_outputs/Industrial/shp/Countries_Ind_GWW_2001_2002_Per_Grid_Assigned_noData.shp; Input files updated by another job: /home/sara.nazari/labspaces/global-coastal-groundwater/data/work/Water_Use/Paper_Publish_Data/test_outputs/Industrial/shp/Countries_Ind_GWW_2001_2002_Per_Grid.shp

[Wed Mar 12 15:54:38 2025]
Finished job 14.
19 of 22 steps (86%) done
Select jobs to execute...

[Wed Mar 12 15:54:38 2025]
Job 13: now generating /home/sara.nazari/labspaces/global-coastal-groundwater/data/work/Water_Use/Paper_Publish_Data/test_outputs/Industrial/Netcdf/Annual_Total_Ind_GWW_GWdepth_2001_2002.nc file from rule Total_Grid_Ind_GWW
Reason: Missing output files: /home/sara.nazari/labspaces/global-coastal-groundwater/data/work/Water_Use/Paper_Publish_Data/test_outputs/Industrial/Netcdf/Annual_Total_Ind_GWW_GWdepth_2001_2002.nc; Input files updated by another job: /home/sara.nazari/labspaces/global-coastal-groundwater/data/work/Water_Use/Paper_Publish_Data/test_outputs/Urban_Mining/Netcdf/GW_depth_less_100m_Urban_mining_grids.nc, /home/sara.nazari/labspaces/global-coastal-groundwater/data/work/Water_Use/Paper_Publish_Data/test_outputs/Industrial/shp/Countries_Ind_GWW_2001_2002_Per_Grid_Assigned_noData.shp

[Wed Mar 12 15:54:44 2025]
Finished job 13.
20 of 22 steps (91%) done
Select jobs to execute...

[Wed Mar 12 15:54:44 2025]
Job 1: now generating /home/sara.nazari/labspaces/global-coastal-groundwater/data/work/Water_Use/Paper_Publish_Data/test_outputs/Total/Netcdf/Annual_Total_GWW_2001_2002.nc file from Total_Grid_GWW
Reason: Missing output files: /home/sara.nazari/labspaces/global-coastal-groundwater/data/work/Water_Use/Paper_Publish_Data/test_outputs/Total/Netcdf/Annual_Total_GWW_2001_2002.nc; Input files updated by another job: /home/sara.nazari/labspaces/global-coastal-groundwater/data/work/Water_Use/Paper_Publish_Data/test_outputs/Domestic/Netcdf/Annual_Total_D_GWW_GWdepth_2001_2002.nc, /home/sara.nazari/labspaces/global-coastal-groundwater/data/work/Water_Use/Paper_Publish_Data/test_outputs/Irrigation/Netcdf/Annual_Net_Irr_GWW_2001_2002.nc, /home/sara.nazari/labspaces/global-coastal-groundwater/data/work/Water_Use/Paper_Publish_Data/test_outputs/Industrial/Netcdf/Annual_Total_Ind_GWW_GWdepth_2001_2002.nc

[Wed Mar 12 15:54:49 2025]
Finished job 1.
21 of 22 steps (95%) done
Select jobs to execute...

[Wed Mar 12 15:54:49 2025]
localrule GG_W:
    input: /home/sara.nazari/labspaces/global-coastal-groundwater/data/work/Water_Use/Paper_Publish_Data/test_outputs/Total/Netcdf/Annual_Total_GWW_2001_2002.nc
    jobid: 0
    reason: Input files updated by another job: /home/sara.nazari/labspaces/global-coastal-groundwater/data/work/Water_Use/Paper_Publish_Data/test_outputs/Total/Netcdf/Annual_Total_GWW_2001_2002.nc
    resources: tmpdir=/tmp

[Wed Mar 12 15:54:49 2025]
Finished job 0.
22 of 22 steps (100%) done
Complete log: .snakemake/log/2025-03-12T155326.475148.snakemake.log
