Building DAG of jobs...
Using shell: /usr/bin/bash
Provided cores: 1 (use --cores to define parallelism)
Rules claiming more threads will be scaled down.
Job stats:
job               count    min threads    max threads
--------------  -------  -------------  -------------
GG_W                  1              1              1
Total_Dom_GWW         1              1              1
Total_Grid_GWW        1              1              1
total                 3              1              1

Select jobs to execute...

[Thu Mar 27 17:05:26 2025]
Job 20: now generating /home/sara.nazari/labspaces/global-coastal-groundwater/data/work/Water_Use/Paper_Publish_Data/test_outputs/Domestic/Netcdf/Annual_Total_D_GWW_GWdepth_2003_2004.nc file from rule Total_Dom_GWW
Reason: Code has changed since last execution

[Thu Mar 27 17:05:39 2025]
Finished job 20.
1 of 3 steps (33%) done
Select jobs to execute...

[Thu Mar 27 17:05:39 2025]
Job 1: now generating /home/sara.nazari/labspaces/global-coastal-groundwater/data/work/Water_Use/Paper_Publish_Data/test_outputs/Total/Netcdf/Annual_Total_GWW_2003_2004.nc file from Total_Grid_GWW
Reason: Input files updated by another job: /home/sara.nazari/labspaces/global-coastal-groundwater/data/work/Water_Use/Paper_Publish_Data/test_outputs/Domestic/Netcdf/Annual_Total_D_GWW_GWdepth_2003_2004.nc

[Thu Mar 27 17:06:08 2025]
Finished job 1.
2 of 3 steps (67%) done
Select jobs to execute...

[Thu Mar 27 17:06:08 2025]
localrule GG_W:
    input: /home/sara.nazari/labspaces/global-coastal-groundwater/data/work/Water_Use/Paper_Publish_Data/test_outputs/Total/Netcdf/Annual_Total_GWW_2003_2004.nc
    jobid: 0
    reason: Input files updated by another job: /home/sara.nazari/labspaces/global-coastal-groundwater/data/work/Water_Use/Paper_Publish_Data/test_outputs/Total/Netcdf/Annual_Total_GWW_2003_2004.nc
    resources: tmpdir=/tmp

[Thu Mar 27 17:06:08 2025]
Finished job 0.
3 of 3 steps (100%) done
Complete log: .snakemake/log/2025-03-27T170524.422110.snakemake.log
